#
# A fatal error has been detected by the Java Runtime Environment:
#
#  SIGSEGV (0xb) at pc=0x00007f5beed73d66, pid=1474, tid=0x00007f5bce52b700
#
# JRE version: Java(TM) SE Runtime Environment (8.0_271-b09) (build 1.8.0_271-b09)
# Java VM: Java HotSpot(TM) 64-Bit Server VM (25.271-b09 mixed mode linux-amd64 compressed oops)
# Problematic frame:
# V  [libjvm.so+0x9ecd66]  SignatureIterator::expect(char)+0x26
#
# Core dump written. Default location: /VEGA/GIMUS/users/htruong/workspace/CSTSAPI/core or core.1474
#
# If you would like to submit a bug report, please visit:
#   http://bugreport.java.com/bugreport/crash.jsp
#

---------------  T H R E A D  ---------------

Current thread (0x00007f5be814d800):  VMThread [stack: 0x00007f5bce42c000,0x00007f5bce52c000] [id=1487]

siginfo: si_signo: 11 (SIGSEGV), si_code: 1 (SEGV_MAPERR), si_addr: 0x0000000000000008

Registers:
RAX=0x0000000000000000, RBX=0x00007f5bce529b50, RCX=0x0000000000000000, RDX=0x0000000000000000
RSP=0x00007f5bce5299d0, RBP=0x00007f5bce529af0, RSI=0x0000000000000028, RDI=0x00007f5bce529b50
R8 =0x00000000000001bf, R9 =0x0000000000000001, R10=0x0000000046000100, R11=0x00000000cfffff00
R12=0x00007f5bce529b40, R13=0x00007f5bce529b50, R14=0x0000000000000000, R15=0x00000000000001bf
RIP=0x00007f5beed73d66, EFLAGS=0x0000000000010246, CSGSFS=0x002b000000000033, ERR=0x0000000000000004
  TRAPNO=0x000000000000000e

Top of Stack: (sp=0x00007f5bce5299d0)
0x00007f5bce5299d0:   00007f5bd7cfa5d0 0000000000000000
0x00007f5bce5299e0:   00007f5beff7f0b8 00007f5beff7f070
0x00007f5bce5299f0:   00000000e44684b8 00000000e4468520
0x00007f5bce529a00:   00000000e4468520 00000000e4468590
0x00007f5bce529a10:   00000000e44685f8 00000000e430a598
0x00007f5bce529a20:   00000000e4468660 00000000e44686c8
0x00007f5bce529a30:   00000000e4325220 00000000e4468738
0x00007f5bce529a40:   00007f5beff7f060 00007f5beff7f060
0x00007f5bce529a50:   00000000e4468888 00000000e44688f0
0x00007f5bce529a60:   00000000e4468960 00000000e44689c8
0x00007f5bce529a70:   00000000e4468a30 00000000e4468a98
0x00007f5bce529a80:   00000000e4468b00 00000000e4468b68
0x00007f5bce529a90:   00000000e4468bd0 00000000e4468c38
0x00007f5bce529aa0:   00000000e4468ca0 00000000e4468d08
0x00007f5bce529ab0:   00000000e4468d70 00000000e4468e40
0x00007f5bce529ac0:   00000000e4468fa8 00000000e4469030
0x00007f5bce529ad0:   00007f5bce529af0 75c99aef502aa100
0x00007f5bce529ae0:   00000000e4469170 0000000000000001
0x00007f5bce529af0:   00007f5bce529b20 00007f5beed741c4
0x00007f5bce529b00:   00007f5bce52a270 00007f5bce529b40
0x00007f5bce529b10:   00007f5bce529b50 0000000000000000
0x00007f5bce529b20:   00007f5bce529fc0 00007f5bee96cfe2
0x00007f5bce529b30:   00000000e44694e8 00000000e4469558
0x00007f5bce529b40:   0000000000000000 0000000000000000
0x00007f5bce529b50:   00007f5bef287e60 0000000000000000
0x00007f5bce529b60:   0000000000000000 000000000000000e
0x00007f5bce529b70:   00007f5bce529b40 0000000000000000
0x00007f5bce529b80:   4fffffff4fffffff 4fffffff2fffffff
0x00007f5bce529b90:   2fffffff2fffffff 2fffffff4fffffff
0x00007f5bce529ba0:   4fffffff4fffffff 000000004fffffff
0x00007f5bce529bb0:   00000000e44699e0 00000000e4460938
0x00007f5bce529bc0:   00000000e4460a08 00000000e4460ad8 

Instructions: (pc=0x00007f5beed73d66)
0x00007f5beed73d46:   89 fb 48 81 ec 18 01 00 00 48 63 57 10 48 8b 4f
0x00007f5beed73d56:   08 64 48 8b 04 25 28 00 00 00 48 89 45 e8 31 c0
0x00007f5beed73d66:   40 3a 74 11 08 48 89 d0 74 39 40 0f be d6 48 8d
0x00007f5beed73d76:   bd e0 fe ff ff 48 8d 35 ae d3 18 00 31 c0 e8 a7 

Register to memory mapping:

RAX=0x0000000000000000 is an unknown value
RBX=0x00007f5bce529b50 is an unknown value
RCX=0x0000000000000000 is an unknown value
RDX=0x0000000000000000 is an unknown value
RSP=0x00007f5bce5299d0 is an unknown value
RBP=0x00007f5bce529af0 is an unknown value
RSI=0x0000000000000028 is an unknown value
RDI=0x00007f5bce529b50 is an unknown value
R8 =0x00000000000001bf is an unknown value
R9 =0x0000000000000001 is an unknown value
R10=0x0000000046000100 is an unknown value
R11=0x00000000cfffff00 is an unallocated location in the heap
R12=0x00007f5bce529b40 is an unknown value
R13=0x00007f5bce529b50 is an unknown value
R14=0x0000000000000000 is an unknown value
R15=0x00000000000001bf is an unknown value


Stack: [0x00007f5bce42c000,0x00007f5bce52c000],  sp=0x00007f5bce5299d0,  free space=1014k
Native frames: (J=compiled Java code, j=interpreted, Vv=VM code, C=native code)
V  [libjvm.so+0x9ecd66]  SignatureIterator::expect(char)+0x26
V  [libjvm.so+0x9ed1c4]  SignatureIterator::iterate_returntype()+0x24
V  [libjvm.so+0x5e5fe2]  GenerateOopMap::do_method(int, int, int, int)+0x72
V  [libjvm.so+0x5e715f]  GenerateOopMap::interp_bb(BasicBlock*)+0x16f
V  [libjvm.so+0x5eac6d]  GenerateOopMap::do_interpretation()+0xbd
V  [libjvm.so+0x5eb04b]  GenerateOopMap::compute_map(Thread*)+0x29b
V  [libjvm.so+0x906f7f]  OopMapForCacheEntry::compute_map(Thread*)+0x8f
V  [libjvm.so+0x908c88]  OopMapCacheEntry::fill(methodHandle, int)+0x2a8
V  [libjvm.so+0x909c07]  OopMapCache::compute_one_oop_map(methodHandle, int, InterpreterOopMap*)+0x127
V  [libjvm.so+0x90a496]  OopMapCache::lookup(methodHandle, int, InterpreterOopMap*) const+0x5c6
V  [libjvm.so+0x647343]  InstanceKlass::mask_for(methodHandle, int, InterpreterOopMap*)+0x83
V  [libjvm.so+0x89ca61]  Method::mask_for(int, InterpreterOopMap*)+0xb1
V  [libjvm.so+0x787dda]  VM_GetOrSetLocal::doit()+0x4a
V  [libjvm.so+0xae5806]  VM_Operation::evaluate()+0x46
V  [libjvm.so+0xae3b3d]  VMThread::evaluate_operation(VM_Operation*) [clone .constprop.44]+0xcd
V  [libjvm.so+0xae4123]  VMThread::loop()+0x3a3
V  [libjvm.so+0xae44f8]  VMThread::run()+0x78
V  [libjvm.so+0x915cd2]  java_start(Thread*)+0x102

VM_Operation (0x00007f5bcdd0e9b0): GetOrSetLocal, mode: safepoint, requested by thread 0x00007f5be819a000


---------------  P R O C E S S  ---------------

Java Threads: ( => current thread )
  0x00007f5be86a0800 JavaThread "Timer-5" [_thread_blocked, id=1530, stack(0x00007f5b63bfc000,0x00007f5b63cfd000)]
  0x00007f5be869f000 JavaThread "Timer-4" [_thread_blocked, id=1529, stack(0x00007f5b63cfd000,0x00007f5b63dfe000)]
  0x00007f5b8400c800 JavaThread "Thread-13" [_thread_in_native, id=1528, stack(0x00007f5b63dfe000,0x00007f5b63eff000)]
  0x00007f5be86a4000 JavaThread "Thread-12" [_thread_in_native, id=1527, stack(0x00007f5b63eff000,0x00007f5b64000000)]
  0x00007f5be869d000 JavaThread "Timer-3" [_thread_blocked, id=1526, stack(0x00007f5bcc0e5000,0x00007f5bcc1e6000)]
  0x00007f5be869b000 JavaThread "Timer-2" [_thread_blocked, id=1525, stack(0x00007f5bcc1e6000,0x00007f5bcc2e7000)]
  0x00007f5b8400b000 JavaThread "Thread-9" [_thread_in_native, id=1524, stack(0x00007f5bcc2e7000,0x00007f5bcc3e8000)]
  0x00007f5be8699800 JavaThread "Thread-8" [_thread_in_native, id=1523, stack(0x00007f5bcc3e8000,0x00007f5bcc4e9000)]
  0x00007f5be8698000 JavaThread "Timer-1" [_thread_blocked, id=1522, stack(0x00007f5bcc4e9000,0x00007f5bcc5ea000)]
  0x00007f5be8694800 JavaThread "Timer-0" [_thread_blocked, id=1521, stack(0x00007f5bcc5ea000,0x00007f5bcc6eb000)]
  0x00007f5b80009800 JavaThread "Thread-5" [_thread_in_native, id=1520, stack(0x00007f5bcc6eb000,0x00007f5bcc7ec000)]
  0x00007f5b84009800 JavaThread "Thread-4" [_thread_in_native, id=1516, stack(0x00007f5bcc7ec000,0x00007f5bcc8ed000)]
  0x00007f5be868e000 JavaThread "Thread-3" [_thread_in_native, id=1515, stack(0x00007f5bcc8ed000,0x00007f5bcc9ee000)]
  0x00007f5be84c1800 JavaThread "Thread-2" [_thread_in_native, id=1513, stack(0x00007f5bccdee000,0x00007f5bcceef000)]
  0x00007f5be84bf800 JavaThread "Thread-1" [_thread_in_native, id=1512, stack(0x00007f5bcceef000,0x00007f5bccff0000)]
  0x00007f5be8306800 JavaThread "ReaderThread" [_thread_in_native, id=1510, stack(0x00007f5bcd1f0000,0x00007f5bcd2f1000)]
  0x00007f5be82de800 JavaThread "Service Thread" daemon [_thread_blocked, id=1506, stack(0x00007f5bcd609000,0x00007f5bcd70a000)]
  0x00007f5be8299000 JavaThread "C1 CompilerThread2" daemon [_thread_blocked, id=1505, stack(0x00007f5bcd70b000,0x00007f5bcd80b000)]
  0x00007f5be8297000 JavaThread "C2 CompilerThread1" daemon [_thread_blocked, id=1504, stack(0x00007f5bcd80c000,0x00007f5bcd90c000)]
  0x00007f5be8295800 JavaThread "C2 CompilerThread0" daemon [_thread_blocked, id=1503, stack(0x00007f5bcd90d000,0x00007f5bcda0d000)]
  0x00007f5bb0001000 JavaThread "JDWP Command Reader" daemon [_thread_in_native, id=1500, stack(0x00007f5bcda0d000,0x00007f5bcdb0e000)]
  0x00007f5be819d800 JavaThread "JDWP Event Helper Thread" daemon [_thread_blocked, id=1499, stack(0x00007f5bcdb0e000,0x00007f5bcdc0f000)]
  0x00007f5be819a000 JavaThread "JDWP Transport Listener: dt_socket" daemon [_thread_blocked, id=1496, stack(0x00007f5bcdc0f000,0x00007f5bcdd10000)]
  0x00007f5be818b800 JavaThread "Signal Dispatcher" daemon [_thread_blocked, id=1494, stack(0x00007f5bce128000,0x00007f5bce229000)]
  0x00007f5be815c000 JavaThread "Finalizer" daemon [_thread_blocked, id=1493, stack(0x00007f5bce229000,0x00007f5bce32a000)]
  0x00007f5be8157800 JavaThread "Reference Handler" daemon [_thread_blocked, id=1488, stack(0x00007f5bce32a000,0x00007f5bce42b000)]
  0x00007f5be8018000 JavaThread "main" [_thread_blocked, id=1481, stack(0x00007f5befe81000,0x00007f5beff81000)]

Other Threads:
=>0x00007f5be814d800 VMThread [stack: 0x00007f5bce42c000,0x00007f5bce52c000] [id=1487]
  0x00007f5be82e1800 WatcherThread [stack: 0x00007f5bcd509000,0x00007f5bcd609000] [id=1509]

VM state:at safepoint (normal execution)

VM Mutex/Monitor currently owned by a thread:  ([mutex/lock_event])
[0x00007f5be80091e0] Threads_lock - owner thread: 0x00007f5be814d800

heap address: 0x00000000a2e00000, size: 1490 MB, Compressed Oops mode: 32-bit
Narrow klass base: 0x0000000000000000, Narrow klass shift: 3
Compressed class space size: 1073741824 Address: 0x0000000100000000

Heap:
 PSYoungGen      total 52736K, used 19345K [0x00000000e0f80000, 0x00000000e4680000, 0x0000000100000000)
  eden space 49152K, 32% used [0x00000000e0f80000,0x00000000e1f17780,0x00000000e3f80000)
  from space 3584K, 94% used [0x00000000e4300000,0x00000000e464ce50,0x00000000e4680000)
  to   space 3584K, 0% used [0x00000000e3f80000,0x00000000e3f80000,0x00000000e4300000)
 ParOldGen       total 64512K, used 88K [0x00000000a2e00000, 0x00000000a6d00000, 0x00000000e0f80000)
  object space 64512K, 0% used [0x00000000a2e00000,0x00000000a2e16010,0x00000000a6d00000)
 Metaspace       used 15250K, capacity 15584K, committed 15744K, reserved 1062912K
  class space    used 1759K, capacity 1866K, committed 1920K, reserved 1048576K

Card table byte_map: [0x00007f5bd764b000,0x00007f5bd7935000] byte_map_base: 0x00007f5bd7134000

Marking Bits: (ParMarkBitMap*) 0x00007f5bef3610e0
 Begin Bits: [0x00007f5bd41c6000, 0x00007f5bd590e000)
 End Bits:   [0x00007f5bd590e000, 0x00007f5bd7056000)

Polling page: 0x00007f5beff96000

CodeCache: size=245760Kb used=5757Kb max_used=5790Kb free=240002Kb
 bounds [0x00007f5bd7cf5000, 0x00007f5bd82a5000, 0x00007f5be6cf5000]
 total_blobs=1936 nmethods=1574 adapters=284
 compilation: enabled

Compilation events (10 events):
Event: 1.099 Thread 0x00007f5be8299000 nmethod 1566 0x00007f5bd8284c10 code [0x00007f5bd8284d80, 0x00007f5bd8284ff0]
Event: 1.100 Thread 0x00007f5be8299000 1568       3       jdk.internal.org.objectweb.asm.MethodVisitor::<init> (35 bytes)
Event: 1.100 Thread 0x00007f5be8299000 nmethod 1568 0x00007f5bd82850d0 code [0x00007f5bd8285260, 0x00007f5bd8285588]
Event: 1.100 Thread 0x00007f5be8299000 1570       3       java.lang.invoke.LambdaForm$MH/1753127384::linkToTargetMethod (9 bytes)
Event: 1.100 Thread 0x00007f5be8299000 nmethod 1570 0x00007f5bd82856d0 code [0x00007f5bd8285860, 0x00007f5bd8285cf8]
Event: 1.100 Thread 0x00007f5be8299000 1569       3       java.lang.invoke.MethodType::erase (8 bytes)
Event: 1.100 Thread 0x00007f5be8299000 nmethod 1569 0x00007f5bd8285dd0 code [0x00007f5bd8285f40, 0x00007f5bd8286130]
Event: 1.250 Thread 0x00007f5be8295800 nmethod 1557 0x00007f5bd828f150 code [0x00007f5bd828f7a0, 0x00007f5bd8297878]
Event: 806.446 Thread 0x00007f5be8299000 1574       3       org.eclipse.jdt.launching.internal.org.objectweb.asm.SymbolTable$Entry::<init> (17 bytes)
Event: 806.446 Thread 0x00007f5be8299000 nmethod 1574 0x00007f5bd828e850 code [0x00007f5bd828e9c0, 0x00007f5bd828eba8]

GC Heap History (4 events):
Event: 0.587 GC heap before
{Heap before GC invocations=1 (full 0):
 PSYoungGen      total 28160K, used 24576K [0x00000000e0f80000, 0x00000000e2e80000, 0x0000000100000000)
  eden space 24576K, 100% used [0x00000000e0f80000,0x00000000e2780000,0x00000000e2780000)
  from space 3584K, 0% used [0x00000000e2b00000,0x00000000e2b00000,0x00000000e2e80000)
  to   space 3584K, 0% used [0x00000000e2780000,0x00000000e2780000,0x00000000e2b00000)
 ParOldGen       total 64512K, used 0K [0x00000000a2e00000, 0x00000000a6d00000, 0x00000000e0f80000)
  object space 64512K, 0% used [0x00000000a2e00000,0x00000000a2e00000,0x00000000a6d00000)
 Metaspace       used 9840K, capacity 9908K, committed 10240K, reserved 1058816K
  class space    used 1137K, capacity 1172K, committed 1280K, reserved 1048576K
Event: 0.593 GC heap after
Heap after GC invocations=1 (full 0):
 PSYoungGen      total 28160K, used 2946K [0x00000000e0f80000, 0x00000000e4680000, 0x0000000100000000)
  eden space 24576K, 0% used [0x00000000e0f80000,0x00000000e0f80000,0x00000000e2780000)
  from space 3584K, 82% used [0x00000000e2780000,0x00000000e2a60800,0x00000000e2b00000)
  to   space 3584K, 0% used [0x00000000e4300000,0x00000000e4300000,0x00000000e4680000)
 ParOldGen       total 64512K, used 8K [0x00000000a2e00000, 0x00000000a6d00000, 0x00000000e0f80000)
  object space 64512K, 0% used [0x00000000a2e00000,0x00000000a2e02000,0x00000000a6d00000)
 Metaspace       used 9840K, capacity 9908K, committed 10240K, reserved 1058816K
  class space    used 1137K, capacity 1172K, committed 1280K, reserved 1048576K
}
Event: 0.942 GC heap before
{Heap before GC invocations=2 (full 0):
 PSYoungGen      total 28160K, used 27522K [0x00000000e0f80000, 0x00000000e4680000, 0x0000000100000000)
  eden space 24576K, 100% used [0x00000000e0f80000,0x00000000e2780000,0x00000000e2780000)
  from space 3584K, 82% used [0x00000000e2780000,0x00000000e2a60800,0x00000000e2b00000)
  to   space 3584K, 0% used [0x00000000e4300000,0x00000000e4300000,0x00000000e4680000)
 ParOldGen       total 64512K, used 8K [0x00000000a2e00000, 0x00000000a6d00000, 0x00000000e0f80000)
  object space 64512K, 0% used [0x00000000a2e00000,0x00000000a2e02000,0x00000000a6d00000)
 Metaspace       used 13517K, capacity 13778K, committed 13952K, reserved 1060864K
  class space    used 1530K, capacity 1619K, committed 1664K, reserved 1048576K
Event: 0.949 GC heap after
Heap after GC invocations=2 (full 0):
 PSYoungGen      total 52736K, used 3379K [0x00000000e0f80000, 0x00000000e4680000, 0x0000000100000000)
  eden space 49152K, 0% used [0x00000000e0f80000,0x00000000e0f80000,0x00000000e3f80000)
  from space 3584K, 94% used [0x00000000e4300000,0x00000000e464ce50,0x00000000e4680000)
  to   space 3584K, 0% used [0x00000000e3f80000,0x00000000e3f80000,0x00000000e4300000)
 ParOldGen       total 64512K, used 88K [0x00000000a2e00000, 0x00000000a6d00000, 0x00000000e0f80000)
  object space 64512K, 0% used [0x00000000a2e00000,0x00000000a2e16010,0x00000000a6d00000)
 Metaspace       used 13517K, capacity 13778K, committed 13952K, reserved 1060864K
  class space    used 1530K, capacity 1619K, committed 1664K, reserved 1048576K
}

Deoptimization events (10 events):
Event: 1.063 Thread 0x00007f5b84009800 Uncommon trap: reason=bimorphic action=maybe_recompile pc=0x00007f5bd815e848 method=java.util.regex.Pattern$Start.match(Ljava/util/regex/Matcher;ILjava/lang/CharSequence;)Z @ 44
Event: 1.063 Thread 0x00007f5b84009800 Uncommon trap: reason=bimorphic action=maybe_recompile pc=0x00007f5bd815e848 method=java.util.regex.Pattern$Start.match(Ljava/util/regex/Matcher;ILjava/lang/CharSequence;)Z @ 44
Event: 1.066 Thread 0x00007f5b84009800 Uncommon trap: reason=class_check action=maybe_recompile pc=0x00007f5bd82406e8 method=java.util.stream.ReferencePipeline$4$1.accept(Ljava/lang/Object;)V @ 12
Event: 1.066 Thread 0x00007f5b84009800 Uncommon trap: reason=class_check action=maybe_recompile pc=0x00007f5bd82406e8 method=java.util.stream.ReferencePipeline$4$1.accept(Ljava/lang/Object;)V @ 12
Event: 1.066 Thread 0x00007f5b84009800 Uncommon trap: reason=class_check action=maybe_recompile pc=0x00007f5bd82406e8 method=java.util.stream.ReferencePipeline$4$1.accept(Ljava/lang/Object;)V @ 12
Event: 1.066 Thread 0x00007f5b84009800 Uncommon trap: reason=class_check action=maybe_recompile pc=0x00007f5bd82406e8 method=java.util.stream.ReferencePipeline$4$1.accept(Ljava/lang/Object;)V @ 12
Event: 1.075 Thread 0x00007f5be8018000 Uncommon trap: reason=unstable_if action=reinterpret pc=0x00007f5bd823bc5c method=java.lang.String.trim()Ljava/lang/String; @ 44
Event: 1.076 Thread 0x00007f5be8018000 Uncommon trap: reason=unstable_if action=reinterpret pc=0x00007f5bd81bb32c method=java.lang.CharacterDataLatin1.digit(II)I @ 60
Event: 1.076 Thread 0x00007f5be8018000 Uncommon trap: reason=unstable_if action=reinterpret pc=0x00007f5bd81bfc08 method=java.lang.CharacterDataLatin1.digit(II)I @ 60
Event: 1.076 Thread 0x00007f5be8018000 Uncommon trap: reason=unstable_if action=reinterpret pc=0x00007f5bd81c2d7c method=java.lang.CharacterDataLatin1.digit(II)I @ 60

Classes redefined (2 events):
Event: 671.140 Thread 0x00007f5be814d800 redefined class name=esa.egos.csts.api.procedures.GenericTest, count=1
Event: 806.446 Thread 0x00007f5be814d800 redefined class name=esa.egos.csts.api.procedures.GenericTest, count=2

Internal exceptions (10 events):
Event: 0.968 Thread 0x00007f5be8018000 Exception <a 'java/lang/ArrayIndexOutOfBoundsException': 45> (0x00000000e11530e8) thrown at [/scratch/jenkins/workspace/8-2-build-linux-amd64/jdk8u271/605/hotspot/src/share/vm/interpreter/interpreterRuntime.cpp, line 371]
Event: 0.969 Thread 0x00007f5be8018000 Exception <a 'java/lang/ArrayIndexOutOfBoundsException': 54> (0x00000000e115d310) thrown at [/scratch/jenkins/workspace/8-2-build-linux-amd64/jdk8u271/605/hotspot/src/share/vm/interpreter/interpreterRuntime.cpp, line 371]
Event: 0.969 Thread 0x00007f5be8018000 Exception <a 'java/lang/ArrayIndexOutOfBoundsException': 55> (0x00000000e115e2c0) thrown at [/scratch/jenkins/workspace/8-2-build-linux-amd64/jdk8u271/605/hotspot/src/share/vm/interpreter/interpreterRuntime.cpp, line 371]
Event: 0.969 Thread 0x00007f5be8018000 Exception <a 'java/lang/ArrayIndexOutOfBoundsException': 57> (0x00000000e1169228) thrown at [/scratch/jenkins/workspace/8-2-build-linux-amd64/jdk8u271/605/hotspot/src/share/vm/interpreter/interpreterRuntime.cpp, line 371]
Event: 0.969 Thread 0x00007f5be8018000 Exception <a 'java/lang/ArrayIndexOutOfBoundsException': 58> (0x00000000e116a1e8) thrown at [/scratch/jenkins/workspace/8-2-build-linux-amd64/jdk8u271/605/hotspot/src/share/vm/interpreter/interpreterRuntime.cpp, line 371]
Event: 0.972 Thread 0x00007f5be8018000 Exception <a 'java/lang/ClassNotFoundException': com/sun/org/glassfish/hk2/osgiresourcelocator/ServiceLoader> (0x00000000e1192740) thrown at [/scratch/jenkins/workspace/8-2-build-linux-amd64/jdk8u271/605/hotspot/src/share/vm/classfile/systemDictionary.cpp
Event: 0.973 Thread 0x00007f5be8018000 Exception <a 'java/lang/ArrayIndexOutOfBoundsException': 49> (0x00000000e119cf98) thrown at [/scratch/jenkins/workspace/8-2-build-linux-amd64/jdk8u271/605/hotspot/src/share/vm/interpreter/interpreterRuntime.cpp, line 371]
Event: 0.973 Thread 0x00007f5be8018000 Exception <a 'java/lang/ArrayIndexOutOfBoundsException': 50> (0x00000000e119e628) thrown at [/scratch/jenkins/workspace/8-2-build-linux-amd64/jdk8u271/605/hotspot/src/share/vm/interpreter/interpreterRuntime.cpp, line 371]
Event: 1.055 Thread 0x00007f5be84bf800 Implicit null exception at 0x00007f5bd810171b to 0x00007f5bd8102191
Event: 458.714 Thread 0x00007f5be8018000 Exception <a 'java/lang/NullPointerException'> (0x00000000e1e04cb0) thrown at [/scratch/jenkins/workspace/8-2-build-linux-amd64/jdk8u271/605/hotspot/src/share/vm/interpreter/linkResolver.cpp, line 1287]

Events (10 events):
Event: 671.217 Executing VM operation: GetOrSetLocal done
Event: 806.437 Executing VM operation: RedefineClasses
Event: 806.446 Executing VM operation: RedefineClasses done
Event: 806.451 Executing VM operation: ChangeBreakpoints
Event: 806.451 Executing VM operation: ChangeBreakpoints done
Event: 807.362 Executing VM operation: GetOwnedMonitorInfo
Event: 807.362 Executing VM operation: GetOwnedMonitorInfo done
Event: 807.363 Executing VM operation: GetCurrentContendedMonitor
Event: 807.363 Executing VM operation: GetCurrentContendedMonitor done
Event: 807.386 Executing VM operation: GetOrSetLocal


Dynamic libraries:
a2e00000-a6d00000 rw-p 00000000 00:00 0 
a6d00000-e0f80000 ---p 00000000 00:00 0 
e0f80000-e4680000 rw-p 00000000 00:00 0 
e4680000-100000000 ---p 00000000 00:00 0 
100000000-1001e0000 rw-p 00000000 00:00 0 
1001e0000-140000000 ---p 00000000 00:00 0 
559c7f185000-559c7f186000 r-xp 00000000 00:2d 4250                       /home/htruong/Programs/java/jdk1.8.0_271/bin/java
559c7f385000-559c7f386000 r--p 00000000 00:2d 4250                       /home/htruong/Programs/java/jdk1.8.0_271/bin/java
559c7f386000-559c7f387000 rw-p 00001000 00:2d 4250                       /home/htruong/Programs/java/jdk1.8.0_271/bin/java
559c7f7ea000-559c7f80b000 rw-p 00000000 00:00 0                          [heap]
7f5b50000000-7f5b50021000 rw-p 00000000 00:00 0 
7f5b50021000-7f5b54000000 ---p 00000000 00:00 0 
7f5b58000000-7f5b58021000 rw-p 00000000 00:00 0 
7f5b58021000-7f5b5c000000 ---p 00000000 00:00 0 
7f5b5c000000-7f5b5c021000 rw-p 00000000 00:00 0 
7f5b5c021000-7f5b60000000 ---p 00000000 00:00 0 
7f5b63bfc000-7f5b63bff000 ---p 00000000 00:00 0 
7f5b63bff000-7f5b63cfd000 rw-p 00000000 00:00 0 
7f5b63cfd000-7f5b63d00000 ---p 00000000 00:00 0 
7f5b63d00000-7f5b63dfe000 rw-p 00000000 00:00 0 
7f5b63dfe000-7f5b63e01000 ---p 00000000 00:00 0 
7f5b63e01000-7f5b63eff000 rw-p 00000000 00:00 0 
7f5b63eff000-7f5b63f02000 ---p 00000000 00:00 0 
7f5b63f02000-7f5b64000000 rw-p 00000000 00:00 0 
7f5b64000000-7f5b64021000 rw-p 00000000 00:00 0 
7f5b64021000-7f5b68000000 ---p 00000000 00:00 0 
7f5b68000000-7f5b68021000 rw-p 00000000 00:00 0 
7f5b68021000-7f5b6c000000 ---p 00000000 00:00 0 
7f5b6c000000-7f5b6c021000 rw-p 00000000 00:00 0 
7f5b6c021000-7f5b70000000 ---p 00000000 00:00 0 
7f5b70000000-7f5b70021000 rw-p 00000000 00:00 0 
7f5b70021000-7f5b74000000 ---p 00000000 00:00 0 
7f5b74000000-7f5b74021000 rw-p 00000000 00:00 0 
7f5b74021000-7f5b78000000 ---p 00000000 00:00 0 
7f5b78000000-7f5b78021000 rw-p 00000000 00:00 0 
7f5b78021000-7f5b7c000000 ---p 00000000 00:00 0 
7f5b7c000000-7f5b7c021000 rw-p 00000000 00:00 0 
7f5b7c021000-7f5b80000000 ---p 00000000 00:00 0 
7f5b80000000-7f5b80021000 rw-p 00000000 00:00 0 
7f5b80021000-7f5b84000000 ---p 00000000 00:00 0 
7f5b84000000-7f5b84021000 rw-p 00000000 00:00 0 
7f5b84021000-7f5b88000000 ---p 00000000 00:00 0 
7f5b88000000-7f5b88021000 rw-p 00000000 00:00 0 
7f5b88021000-7f5b8c000000 ---p 00000000 00:00 0 
7f5b8c000000-7f5b8c021000 rw-p 00000000 00:00 0 
7f5b8c021000-7f5b90000000 ---p 00000000 00:00 0 
7f5b90000000-7f5b90021000 rw-p 00000000 00:00 0 
7f5b90021000-7f5b94000000 ---p 00000000 00:00 0 
7f5b94000000-7f5b94587000 rw-p 00000000 00:00 0 
7f5b94587000-7f5b98000000 ---p 00000000 00:00 0 
7f5b98000000-7f5b98021000 rw-p 00000000 00:00 0 
7f5b98021000-7f5b9c000000 ---p 00000000 00:00 0 
7f5b9c000000-7f5b9c84e000 rw-p 00000000 00:00 0 
7f5b9c84e000-7f5ba0000000 ---p 00000000 00:00 0 
7f5ba0000000-7f5ba0375000 rw-p 00000000 00:00 0 
7f5ba0375000-7f5ba4000000 ---p 00000000 00:00 0 
7f5ba4000000-7f5ba4021000 rw-p 00000000 00:00 0 
7f5ba4021000-7f5ba8000000 ---p 00000000 00:00 0 
7f5ba8000000-7f5ba8021000 rw-p 00000000 00:00 0 
7f5ba8021000-7f5bac000000 ---p 00000000 00:00 0 
7f5bac000000-7f5bac021000 rw-p 00000000 00:00 0 
7f5bac021000-7f5bb0000000 ---p 00000000 00:00 0 
7f5bb0000000-7f5bb0032000 rw-p 00000000 00:00 0 
7f5bb0032000-7f5bb4000000 ---p 00000000 00:00 0 
7f5bb4000000-7f5bb4021000 rw-p 00000000 00:00 0 
7f5bb4021000-7f5bb8000000 ---p 00000000 00:00 0 
7f5bb8000000-7f5bb8021000 rw-p 00000000 00:00 0 
7f5bb8021000-7f5bbc000000 ---p 00000000 00:00 0 
7f5bbc000000-7f5bbc021000 rw-p 00000000 00:00 0 
7f5bbc021000-7f5bc0000000 ---p 00000000 00:00 0 
7f5bc0000000-7f5bc02ae000 rw-p 00000000 00:00 0 
7f5bc02ae000-7f5bc4000000 ---p 00000000 00:00 0 
7f5bc4000000-7f5bc4021000 rw-p 00000000 00:00 0 
7f5bc4021000-7f5bc8000000 ---p 00000000 00:00 0 
7f5bc8000000-7f5bc8021000 rw-p 00000000 00:00 0 
7f5bc8021000-7f5bcc000000 ---p 00000000 00:00 0 
7f5bcc0e5000-7f5bcc0e8000 ---p 00000000 00:00 0 
7f5bcc0e8000-7f5bcc1e6000 rw-p 00000000 00:00 0 
7f5bcc1e6000-7f5bcc1e9000 ---p 00000000 00:00 0 
7f5bcc1e9000-7f5bcc2e7000 rw-p 00000000 00:00 0 
7f5bcc2e7000-7f5bcc2ea000 ---p 00000000 00:00 0 
7f5bcc2ea000-7f5bcc3e8000 rw-p 00000000 00:00 0 
7f5bcc3e8000-7f5bcc3eb000 ---p 00000000 00:00 0 
7f5bcc3eb000-7f5bcc4e9000 rw-p 00000000 00:00 0 
7f5bcc4e9000-7f5bcc4ec000 ---p 00000000 00:00 0 
7f5bcc4ec000-7f5bcc5ea000 rw-p 00000000 00:00 0 
7f5bcc5ea000-7f5bcc5ed000 ---p 00000000 00:00 0 
7f5bcc5ed000-7f5bcc6eb000 rw-p 00000000 00:00 0 
7f5bcc6eb000-7f5bcc6ee000 ---p 00000000 00:00 0 
7f5bcc6ee000-7f5bcc7ec000 rw-p 00000000 00:00 0 
7f5bcc7ec000-7f5bcc7ef000 ---p 00000000 00:00 0 
7f5bcc7ef000-7f5bcc8ed000 rw-p 00000000 00:00 0 
7f5bcc8ed000-7f5bcc8f0000 ---p 00000000 00:00 0 
7f5bcc8f0000-7f5bccb6e000 rw-p 00000000 00:00 0 
7f5bccb6e000-7f5bccbee000 ---p 00000000 00:00 0 
7f5bccbee000-7f5bccdee000 rw-p 00000000 00:00 0 
7f5bccdee000-7f5bccdf1000 ---p 00000000 00:00 0 
7f5bccdf1000-7f5bcceef000 rw-p 00000000 00:00 0 
7f5bcceef000-7f5bccef2000 ---p 00000000 00:00 0 
7f5bccef2000-7f5bcd1f0000 rw-p 00000000 00:00 0 
7f5bcd1f0000-7f5bcd1f3000 ---p 00000000 00:00 0 
7f5bcd1f3000-7f5bcd2f1000 rw-p 00000000 00:00 0 
7f5bcd2f1000-7f5bcd307000 r-xp 00000000 00:2d 4311                       /home/htruong/Programs/java/jdk1.8.0_271/jre/lib/amd64/libnet.so
7f5bcd307000-7f5bcd506000 ---p 00016000 00:2d 4311                       /home/htruong/Programs/java/jdk1.8.0_271/jre/lib/amd64/libnet.so
7f5bcd506000-7f5bcd507000 r--p 00015000 00:2d 4311                       /home/htruong/Programs/java/jdk1.8.0_271/jre/lib/amd64/libnet.so
7f5bcd507000-7f5bcd508000 rw-p 00016000 00:2d 4311                       /home/htruong/Programs/java/jdk1.8.0_271/jre/lib/amd64/libnet.so
7f5bcd508000-7f5bcd509000 ---p 00000000 00:00 0 
7f5bcd509000-7f5bcd609000 rw-p 00000000 00:00 0 
7f5bcd609000-7f5bcd60c000 ---p 00000000 00:00 0 
7f5bcd60c000-7f5bcd70a000 rw-p 00000000 00:00 0 
7f5bcd70a000-7f5bcd70b000 ---p 00000000 00:00 0 
7f5bcd70b000-7f5bcd70e000 ---p 00000000 00:00 0 
7f5bcd70e000-7f5bcd80b000 rw-p 00000000 00:00 0 
7f5bcd80b000-7f5bcd80c000 ---p 00000000 00:00 0 
7f5bcd80c000-7f5bcd80f000 ---p 00000000 00:00 0 
7f5bcd80f000-7f5bcd90c000 rw-p 00000000 00:00 0 
7f5bcd90c000-7f5bcd90d000 ---p 00000000 00:00 0 
7f5bcd90d000-7f5bcd910000 ---p 00000000 00:00 0 
7f5bcd910000-7f5bcda0d000 rw-p 00000000 00:00 0 
7f5bcda0d000-7f5bcda10000 ---p 00000000 00:00 0 
7f5bcda10000-7f5bcdb0e000 rw-p 00000000 00:00 0 
7f5bcdb0e000-7f5bcdb11000 ---p 00000000 00:00 0 
7f5bcdb11000-7f5bcdc0f000 rw-p 00000000 00:00 0 
7f5bcdc0f000-7f5bcdc12000 ---p 00000000 00:00 0 
7f5bcdc12000-7f5bcdd10000 rw-p 00000000 00:00 0 
7f5bcdd10000-7f5bcdd1c000 r-xp 00000000 08:03 3670046                    /lib64/libnss_files-2.26.so
7f5bcdd1c000-7f5bcdf1b000 ---p 0000c000 08:03 3670046                    /lib64/libnss_files-2.26.so
7f5bcdf1b000-7f5bcdf1c000 r--p 0000b000 08:03 3670046                    /lib64/libnss_files-2.26.so
7f5bcdf1c000-7f5bcdf1d000 rw-p 0000c000 08:03 3670046                    /lib64/libnss_files-2.26.so
7f5bcdf1d000-7f5bcdf23000 rw-p 00000000 00:00 0 
7f5bcdf23000-7f5bcdf27000 r-xp 00000000 00:2d 4314                       /home/htruong/Programs/java/jdk1.8.0_271/jre/lib/amd64/libdt_socket.so
7f5bcdf27000-7f5bce126000 ---p 00004000 00:2d 4314                       /home/htruong/Programs/java/jdk1.8.0_271/jre/lib/amd64/libdt_socket.so
7f5bce126000-7f5bce127000 r--p 00003000 00:2d 4314                       /home/htruong/Programs/java/jdk1.8.0_271/jre/lib/amd64/libdt_socket.so
7f5bce127000-7f5bce128000 rw-p 00004000 00:2d 4314                       /home/htruong/Programs/java/jdk1.8.0_271/jre/lib/amd64/libdt_socket.so
7f5bce128000-7f5bce12b000 ---p 00000000 00:00 0 
7f5bce12b000-7f5bce229000 rw-p 00000000 00:00 0 
7f5bce229000-7f5bce22c000 ---p 00000000 00:00 0 
7f5bce22c000-7f5bce32a000 rw-p 00000000 00:00 0 
7f5bce32a000-7f5bce32d000 ---p 00000000 00:00 0 
7f5bce32d000-7f5bce42b000 rw-p 00000000 00:00 0 
7f5bce42b000-7f5bce42c000 ---p 00000000 00:00 0 
7f5bce42c000-7f5bcf33a000 rw-p 00000000 00:00 0 
7f5bcf33a000-7f5bcf517000 r--s 03e16000 00:2d 4463                       /home/htruong/Programs/java/jdk1.8.0_271/jre/lib/rt.jar
7f5bcf517000-7f5bd0000000 rw-p 00000000 00:00 0 
7f5bd0000000-7f5bd0021000 rw-p 00000000 00:00 0 
7f5bd0021000-7f5bd4000000 ---p 00000000 00:00 0 
7f5bd40a0000-7f5bd40b2000 r--s 00353000 00:2d 4464                       /home/htruong/Programs/java/jdk1.8.0_271/jre/lib/resources.jar
7f5bd40b2000-7f5bd40b4000 r--s 0001b000 00:2d 4459                       /home/htruong/Programs/java/jdk1.8.0_271/jre/lib/jce.jar
7f5bd40b4000-7f5bd40c5000 r--s 001c1000 00:2d 4462                       /home/htruong/Programs/java/jdk1.8.0_271/jre/lib/jsse.jar
7f5bd40c5000-7f5bd7056000 rw-p 00000000 00:00 0 
7f5bd7056000-7f5bd7057000 ---p 00000000 00:00 0 
7f5bd7057000-7f5bd7157000 rw-p 00000000 00:00 0 
7f5bd7157000-7f5bd7158000 ---p 00000000 00:00 0 
7f5bd7158000-7f5bd7258000 rw-p 00000000 00:00 0 
7f5bd7258000-7f5bd7259000 ---p 00000000 00:00 0 
7f5bd7259000-7f5bd7359000 rw-p 00000000 00:00 0 
7f5bd7359000-7f5bd735a000 ---p 00000000 00:00 0 
7f5bd735a000-7f5bd747a000 rw-p 00000000 00:00 0 
7f5bd747a000-7f5bd764b000 ---p 00000000 00:00 0 
7f5bd764b000-7f5bd766b000 rw-p 00000000 00:00 0 
7f5bd766b000-7f5bd783b000 ---p 00000000 00:00 0 
7f5bd783b000-7f5bd7858000 rw-p 00000000 00:00 0 
7f5bd7858000-7f5bd7934000 ---p 00000000 00:00 0 
7f5bd7934000-7f5bd794c000 rw-p 00000000 00:00 0 
7f5bd794c000-7f5bd7cf5000 ---p 00000000 00:00 0 
7f5bd7cf5000-7f5bd82a5000 rwxp 00000000 00:00 0 
7f5bd82a5000-7f5be6cf5000 ---p 00000000 00:00 0 
7f5be6cf5000-7f5be6d10000 r-xp 00000000 00:2d 4310                       /home/htruong/Programs/java/jdk1.8.0_271/jre/lib/amd64/libzip.so
7f5be6d10000-7f5be6f0f000 ---p 0001b000 00:2d 4310                       /home/htruong/Programs/java/jdk1.8.0_271/jre/lib/amd64/libzip.so
7f5be6f0f000-7f5be6f10000 r--p 0001a000 00:2d 4310                       /home/htruong/Programs/java/jdk1.8.0_271/jre/lib/amd64/libzip.so
7f5be6f10000-7f5be6f11000 rw-p 0001b000 00:2d 4310                       /home/htruong/Programs/java/jdk1.8.0_271/jre/lib/amd64/libzip.so
7f5be6f11000-7f5be6f13000 r-xp 00000000 08:03 2241357                    /usr/lib64/samba/libreplace-samba4.so
7f5be6f13000-7f5be7112000 ---p 00002000 08:03 2241357                    /usr/lib64/samba/libreplace-samba4.so
7f5be7112000-7f5be7113000 r--p 00001000 08:03 2241357                    /usr/lib64/samba/libreplace-samba4.so
7f5be7113000-7f5be7114000 rw-p 00002000 08:03 2241357                    /usr/lib64/samba/libreplace-samba4.so
7f5be7114000-7f5be7117000 r-xp 00000000 08:03 2241388                    /usr/lib64/samba/libwinbind-client-samba4.so
7f5be7117000-7f5be7316000 ---p 00003000 08:03 2241388                    /usr/lib64/samba/libwinbind-client-samba4.so
7f5be7316000-7f5be7317000 r--p 00002000 08:03 2241388                    /usr/lib64/samba/libwinbind-client-samba4.so
7f5be7317000-7f5be7318000 rw-p 00003000 08:03 2241388                    /usr/lib64/samba/libwinbind-client-samba4.so
7f5be7318000-7f5be731b000 r-xp 00000000 08:03 2245495                    /usr/lib64/libnss_winbind.so.2
7f5be731b000-7f5be751a000 ---p 00003000 08:03 2245495                    /usr/lib64/libnss_winbind.so.2
7f5be751a000-7f5be751b000 r--p 00002000 08:03 2245495                    /usr/lib64/libnss_winbind.so.2
7f5be751b000-7f5be751c000 rw-p 00003000 08:03 2245495                    /usr/lib64/libnss_winbind.so.2
7f5be751c000-7f5be7522000 rw-p 00000000 00:00 0 
7f5be7522000-7f5be75ae000 r-xp 00000000 08:03 2229083                    /usr/lib64/libpcre.so.1.2.9
7f5be75ae000-7f5be77ad000 ---p 0008c000 08:03 2229083                    /usr/lib64/libpcre.so.1.2.9
7f5be77ad000-7f5be77ae000 r--p 0008b000 08:03 2229083                    /usr/lib64/libpcre.so.1.2.9
7f5be77ae000-7f5be77af000 rw-p 0008c000 08:03 2229083                    /usr/lib64/libpcre.so.1.2.9
7f5be77af000-7f5be77d5000 r-xp 00000000 08:03 3670065                    /lib64/libselinux.so.1
7f5be77d5000-7f5be79d4000 ---p 00026000 08:03 3670065                    /lib64/libselinux.so.1
7f5be79d4000-7f5be79d5000 r--p 00025000 08:03 3670065                    /lib64/libselinux.so.1
7f5be79d5000-7f5be79d6000 rw-p 00026000 08:03 3670065                    /lib64/libselinux.so.1
7f5be79d6000-7f5be79d8000 rw-p 00000000 00:00 0 
7f5be79d8000-7f5be79eb000 r-xp 00000000 08:03 3670054                    /lib64/libresolv-2.26.so
7f5be79eb000-7f5be7beb000 ---p 00013000 08:03 3670054                    /lib64/libresolv-2.26.so
7f5be7beb000-7f5be7bec000 r--p 00013000 08:03 3670054                    /lib64/libresolv-2.26.so
7f5be7bec000-7f5be7bed000 rw-p 00014000 08:03 3670054                    /lib64/libresolv-2.26.so
7f5be7bed000-7f5be7bef000 rw-p 00000000 00:00 0 
7f5be7bef000-7f5be7bf2000 r-xp 00000000 08:03 2229206                    /usr/lib64/libkeyutils.so.1.6
7f5be7bf2000-7f5be7df1000 ---p 00003000 08:03 2229206                    /usr/lib64/libkeyutils.so.1.6
7f5be7df1000-7f5be7df2000 r--p 00002000 08:03 2229206                    /usr/lib64/libkeyutils.so.1.6
7f5be7df2000-7f5be7df3000 rw-p 00003000 08:03 2229206                    /usr/lib64/libkeyutils.so.1.6
7f5be7df3000-7f5be7dff000 r-xp 00000000 08:03 2232724                    /usr/lib64/libkrb5support.so.0.1
7f5be7dff000-7f5be7ffe000 ---p 0000c000 08:03 2232724                    /usr/lib64/libkrb5support.so.0.1
7f5be7ffe000-7f5be7fff000 r--p 0000b000 08:03 2232724                    /usr/lib64/libkrb5support.so.0.1
7f5be7fff000-7f5be8000000 rw-p 0000c000 08:03 2232724                    /usr/lib64/libkrb5support.so.0.1
7f5be8000000-7f5be8ad8000 rw-p 00000000 00:00 0 
7f5be8ad8000-7f5bec000000 ---p 00000000 00:00 0 
7f5bec001000-7f5bec009000 r--s 00045000 00:2d 22957                      /home/htruong/.m2/sdenexus/junit/junit/4.12/junit-4.12.jar
7f5bec009000-7f5bec0cf000 rw-p 00000000 00:00 0 
7f5bec0cf000-7f5bec0d2000 r-xp 00000000 08:03 2230087                    /usr/lib64/libcom_err.so.2.1
7f5bec0d2000-7f5bec2d1000 ---p 00003000 08:03 2230087                    /usr/lib64/libcom_err.so.2.1
7f5bec2d1000-7f5bec2d2000 r--p 00002000 08:03 2230087                    /usr/lib64/libcom_err.so.2.1
7f5bec2d2000-7f5bec2d3000 rw-p 00003000 08:03 2230087                    /usr/lib64/libcom_err.so.2.1
7f5bec2d3000-7f5bec302000 r-xp 00000000 08:03 2232712                    /usr/lib64/libk5crypto.so.3.1
7f5bec302000-7f5bec501000 ---p 0002f000 08:03 2232712                    /usr/lib64/libk5crypto.so.3.1
7f5bec501000-7f5bec503000 r--p 0002e000 08:03 2232712                    /usr/lib64/libk5crypto.so.3.1
7f5bec503000-7f5bec504000 rw-p 00030000 08:03 2232712                    /usr/lib64/libk5crypto.so.3.1
7f5bec504000-7f5bec505000 rw-p 00000000 00:00 0 
7f5bec505000-7f5bec5d1000 r-xp 00000000 08:03 2232722                    /usr/lib64/libkrb5.so.3.3
7f5bec5d1000-7f5bec7d0000 ---p 000cc000 08:03 2232722                    /usr/lib64/libkrb5.so.3.3
7f5bec7d0000-7f5bec7de000 r--p 000cb000 08:03 2232722                    /usr/lib64/libkrb5.so.3.3
7f5bec7de000-7f5bec7e1000 rw-p 000d9000 08:03 2232722                    /usr/lib64/libkrb5.so.3.3
7f5bec7e1000-7f5bec82a000 r-xp 00000000 08:03 2232708                    /usr/lib64/libgssapi_krb5.so.2.2
7f5bec82a000-7f5beca29000 ---p 00049000 08:03 2232708                    /usr/lib64/libgssapi_krb5.so.2.2
7f5beca29000-7f5beca2b000 r--p 00048000 08:03 2232708                    /usr/lib64/libgssapi_krb5.so.2.2
7f5beca2b000-7f5beca2d000 rw-p 0004a000 08:03 2232708                    /usr/lib64/libgssapi_krb5.so.2.2
7f5beca2d000-7f5beca5d000 r-xp 00000000 08:03 3670109                    /lib64/libtirpc.so.3.0.0
7f5beca5d000-7f5becc5c000 ---p 00030000 08:03 3670109                    /lib64/libtirpc.so.3.0.0
7f5becc5c000-7f5becc5d000 r--p 0002f000 08:03 3670109                    /lib64/libtirpc.so.3.0.0
7f5becc5d000-7f5becc5e000 rw-p 00030000 08:03 3670109                    /lib64/libtirpc.so.3.0.0
7f5becc5e000-7f5becc5f000 rw-p 00000000 00:00 0 
7f5becc5f000-7f5becc75000 r-xp 00000000 08:03 2232444                    /usr/lib64/libnsl.so.2.0.0
7f5becc75000-7f5bece74000 ---p 00016000 08:03 2232444                    /usr/lib64/libnsl.so.2.0.0
7f5bece74000-7f5bece75000 r--p 00015000 08:03 2232444                    /usr/lib64/libnsl.so.2.0.0
7f5bece75000-7f5bece76000 rw-p 00016000 08:03 2232444                    /usr/lib64/libnsl.so.2.0.0
7f5bece76000-7f5bece78000 rw-p 00000000 00:00 0 
7f5bece78000-7f5bece85000 r-xp 00000000 08:03 3682289                    /lib64/libnss_nis.so.2.0.0
7f5bece85000-7f5bed084000 ---p 0000d000 08:03 3682289                    /lib64/libnss_nis.so.2.0.0
7f5bed084000-7f5bed085000 r--p 0000c000 08:03 3682289                    /lib64/libnss_nis.so.2.0.0
7f5bed085000-7f5bed086000 rw-p 0000d000 08:03 3682289                    /lib64/libnss_nis.so.2.0.0
7f5bed086000-7f5bed08d000 r-xp 00000000 08:03 3670040                    /lib64/libnss_compat-2.26.so
7f5bed08d000-7f5bed28d000 ---p 00007000 08:03 3670040                    /lib64/libnss_compat-2.26.so
7f5bed28d000-7f5bed28e000 r--p 00007000 08:03 3670040                    /lib64/libnss_compat-2.26.so
7f5bed28e000-7f5bed28f000 rw-p 00008000 08:03 3670040                    /lib64/libnss_compat-2.26.so
7f5bed28f000-7f5bed299000 r-xp 00000000 00:2d 4317                       /home/htruong/Programs/java/jdk1.8.0_271/jre/lib/amd64/libinstrument.so
7f5bed299000-7f5bed498000 ---p 0000a000 00:2d 4317                       /home/htruong/Programs/java/jdk1.8.0_271/jre/lib/amd64/libinstrument.so
7f5bed498000-7f5bed499000 r--p 00009000 00:2d 4317                       /home/htruong/Programs/java/jdk1.8.0_271/jre/lib/amd64/libinstrument.so
7f5bed499000-7f5bed49a000 rw-p 0000a000 00:2d 4317                       /home/htruong/Programs/java/jdk1.8.0_271/jre/lib/amd64/libinstrument.so
7f5bed49a000-7f5bed5ca000 r--p 00000000 08:03 2630111                    /usr/lib/locale/en_US.utf8/LC_COLLATE
7f5bed5ca000-7f5bed5cc000 r-xp 00000000 00:2d 4298                       /home/htruong/Programs/java/jdk1.8.0_271/jre/lib/amd64/libnpt.so
7f5bed5cc000-7f5bed7cc000 ---p 00002000 00:2d 4298                       /home/htruong/Programs/java/jdk1.8.0_271/jre/lib/amd64/libnpt.so
7f5bed7cc000-7f5bed7cd000 r--p 00002000 00:2d 4298                       /home/htruong/Programs/java/jdk1.8.0_271/jre/lib/amd64/libnpt.so
7f5bed7cd000-7f5bed7ce000 rw-p 00003000 00:2d 4298                       /home/htruong/Programs/java/jdk1.8.0_271/jre/lib/amd64/libnpt.so
7f5bed7ce000-7f5bed808000 r-xp 00000000 00:2d 4315                       /home/htruong/Programs/java/jdk1.8.0_271/jre/lib/amd64/libjdwp.so
7f5bed808000-7f5beda07000 ---p 0003a000 00:2d 4315                       /home/htruong/Programs/java/jdk1.8.0_271/jre/lib/amd64/libjdwp.so
7f5beda07000-7f5beda08000 r--p 00039000 00:2d 4315                       /home/htruong/Programs/java/jdk1.8.0_271/jre/lib/amd64/libjdwp.so
7f5beda08000-7f5beda09000 rw-p 0003a000 00:2d 4315                       /home/htruong/Programs/java/jdk1.8.0_271/jre/lib/amd64/libjdwp.so
7f5beda09000-7f5beda35000 r-xp 00000000 00:2d 4308                       /home/htruong/Programs/java/jdk1.8.0_271/jre/lib/amd64/libjava.so
7f5beda35000-7f5bedc35000 ---p 0002c000 00:2d 4308                       /home/htruong/Programs/java/jdk1.8.0_271/jre/lib/amd64/libjava.so
7f5bedc35000-7f5bedc36000 r--p 0002c000 00:2d 4308                       /home/htruong/Programs/java/jdk1.8.0_271/jre/lib/amd64/libjava.so
7f5bedc36000-7f5bedc38000 rw-p 0002d000 00:2d 4308                       /home/htruong/Programs/java/jdk1.8.0_271/jre/lib/amd64/libjava.so
7f5bedc38000-7f5bedc45000 r-xp 00000000 00:2d 4297                       /home/htruong/Programs/java/jdk1.8.0_271/jre/lib/amd64/libverify.so
7f5bedc45000-7f5bede44000 ---p 0000d000 00:2d 4297                       /home/htruong/Programs/java/jdk1.8.0_271/jre/lib/amd64/libverify.so
7f5bede44000-7f5bede46000 r--p 0000c000 00:2d 4297                       /home/htruong/Programs/java/jdk1.8.0_271/jre/lib/amd64/libverify.so
7f5bede46000-7f5bede47000 rw-p 0000e000 00:2d 4297                       /home/htruong/Programs/java/jdk1.8.0_271/jre/lib/amd64/libverify.so
7f5bede47000-7f5bede4e000 r-xp 00000000 08:03 3670056                    /lib64/librt-2.26.so
7f5bede4e000-7f5bee04d000 ---p 00007000 08:03 3670056                    /lib64/librt-2.26.so
7f5bee04d000-7f5bee04e000 r--p 00006000 08:03 3670056                    /lib64/librt-2.26.so
7f5bee04e000-7f5bee04f000 rw-p 00007000 08:03 3670056                    /lib64/librt-2.26.so
7f5bee04f000-7f5bee186000 r-xp 00000000 08:03 3670034                    /lib64/libm-2.26.so
7f5bee186000-7f5bee385000 ---p 00137000 08:03 3670034                    /lib64/libm-2.26.so
7f5bee385000-7f5bee386000 r--p 00136000 08:03 3670034                    /lib64/libm-2.26.so
7f5bee386000-7f5bee387000 rw-p 00137000 08:03 3670034                    /lib64/libm-2.26.so
7f5bee387000-7f5bef07c000 r-xp 00000000 00:2d 4290                       /home/htruong/Programs/java/jdk1.8.0_271/jre/lib/amd64/server/libjvm.so
7f5bef07c000-7f5bef27c000 ---p 00cf5000 00:2d 4290                       /home/htruong/Programs/java/jdk1.8.0_271/jre/lib/amd64/server/libjvm.so
7f5bef27c000-7f5bef312000 r--p 00cf5000 00:2d 4290                       /home/htruong/Programs/java/jdk1.8.0_271/jre/lib/amd64/server/libjvm.so
7f5bef312000-7f5bef343000 rw-p 00d8b000 00:2d 4290                       /home/htruong/Programs/java/jdk1.8.0_271/jre/lib/amd64/server/libjvm.so
7f5bef343000-7f5bef37e000 rw-p 00000000 00:00 0 
7f5bef37e000-7f5bef52f000 r-xp 00000000 08:03 3670026                    /lib64/libc-2.26.so
7f5bef52f000-7f5bef72e000 ---p 001b1000 08:03 3670026                    /lib64/libc-2.26.so
7f5bef72e000-7f5bef732000 r--p 001b0000 08:03 3670026                    /lib64/libc-2.26.so
7f5bef732000-7f5bef734000 rw-p 001b4000 08:03 3670026                    /lib64/libc-2.26.so
7f5bef734000-7f5bef738000 rw-p 00000000 00:00 0 
7f5bef738000-7f5bef73b000 r-xp 00000000 08:03 3670032                    /lib64/libdl-2.26.so
7f5bef73b000-7f5bef93a000 ---p 00003000 08:03 3670032                    /lib64/libdl-2.26.so
7f5bef93a000-7f5bef93b000 r--p 00002000 08:03 3670032                    /lib64/libdl-2.26.so
7f5bef93b000-7f5bef93c000 rw-p 00003000 08:03 3670032                    /lib64/libdl-2.26.so
7f5bef93c000-7f5bef953000 r-xp 00000000 00:2d 4730                       /home/htruong/Programs/java/jdk1.8.0_271/lib/amd64/jli/libjli.so
7f5bef953000-7f5befb52000 ---p 00017000 00:2d 4730                       /home/htruong/Programs/java/jdk1.8.0_271/lib/amd64/jli/libjli.so
7f5befb52000-7f5befb53000 r--p 00016000 00:2d 4730                       /home/htruong/Programs/java/jdk1.8.0_271/lib/amd64/jli/libjli.so
7f5befb53000-7f5befb54000 rw-p 00017000 00:2d 4730                       /home/htruong/Programs/java/jdk1.8.0_271/lib/amd64/jli/libjli.so
7f5befb54000-7f5befb6d000 r-xp 00000000 08:03 3670052                    /lib64/libpthread-2.26.so
7f5befb6d000-7f5befd6c000 ---p 00019000 08:03 3670052                    /lib64/libpthread-2.26.so
7f5befd6c000-7f5befd6d000 r--p 00018000 08:03 3670052                    /lib64/libpthread-2.26.so
7f5befd6d000-7f5befd6e000 rw-p 00019000 08:03 3670052                    /lib64/libpthread-2.26.so
7f5befd6e000-7f5befd72000 rw-p 00000000 00:00 0 
7f5befd72000-7f5befd97000 r-xp 00000000 08:03 3670018                    /lib64/ld-2.26.so
7f5befd98000-7f5befd9b000 r--s 00021000 00:2f 3264301                    /VEGA/GIMUS/users/htruong/eclipse/configuration/org.eclipse.osgi/217/0/.cp/lib/javaagent-shaded.jar
7f5befd9b000-7f5befd9d000 r--s 00009000 00:2d 22958                      /home/htruong/.m2/sdenexus/org/hamcrest/hamcrest-core/1.3/hamcrest-core-1.3.jar
7f5befd9d000-7f5befd9f000 r--s 0000d000 00:2d 22953                      /home/htruong/.m2/sdenexus/com/beanit/jasn1/1.11.2/jasn1-1.11.2.jar
7f5befd9f000-7f5befda1000 r--s 0000d000 00:2f 15862271                   /VEGA/GIMUS/users/htruong/workspace/CSTSAPI/src/main/resources/jasn-1.11.2/jasn1-1.11.2.jar
7f5befda1000-7f5befda3000 r--s 0000f000 00:2d 14871                      /home/htruong/.p2/pool/plugins/org.hamcrest.core_1.3.0.v20180420-1519.jar
7f5befda3000-7f5befdad000 r--s 0005e000 00:2d 15447                      /home/htruong/.p2/pool/plugins/org.junit_4.13.0.v20200204-1500.jar
7f5befdad000-7f5befe26000 rw-p 00000000 00:00 0 
7f5befe26000-7f5befe2e000 rw-s 00000000 08:03 4073100                    /tmp/hsperfdata_htruong/1474
7f5befe2e000-7f5befe7f000 r--p 00000000 08:03 2630377                    /usr/lib/locale/en_US.utf8/LC_CTYPE
7f5befe7f000-7f5befe80000 r--p 00000000 08:03 2630118                    /usr/lib/locale/en_US.utf8/LC_NUMERIC
7f5befe80000-7f5befe81000 ---p 00000000 00:00 0 
7f5befe81000-7f5befe84000 ---p 00000000 00:00 0 
7f5befe84000-7f5beff85000 rw-p 00000000 00:00 0 
7f5beff85000-7f5beff86000 r--p 00000000 08:03 2630121                    /usr/lib/locale/en_US.utf8/LC_TIME
7f5beff86000-7f5beff87000 r--p 00000000 08:03 2630116                    /usr/lib/locale/en_US.utf8/LC_MONETARY
7f5beff87000-7f5beff88000 r--p 00000000 08:03 2630115                    /usr/lib/locale/en_US.utf8/LC_MESSAGES/SYS_LC_MESSAGES
7f5beff88000-7f5beff89000 r--p 00000000 08:03 2630119                    /usr/lib/locale/en_US.utf8/LC_PAPER
7f5beff89000-7f5beff8a000 r--p 00000000 08:03 2630117                    /usr/lib/locale/en_US.utf8/LC_NAME
7f5beff8a000-7f5beff8b000 r--p 00000000 08:03 2630110                    /usr/lib/locale/en_US.utf8/LC_ADDRESS
7f5beff8b000-7f5beff8c000 r--p 00000000 08:03 2630120                    /usr/lib/locale/en_US.utf8/LC_TELEPHONE
7f5beff8c000-7f5beff8d000 r--p 00000000 08:03 2630113                    /usr/lib/locale/en_US.utf8/LC_MEASUREMENT
7f5beff8d000-7f5beff94000 r--s 00000000 08:03 2630378                    /usr/lib64/gconv/gconv-modules.cache
7f5beff94000-7f5beff95000 r--p 00000000 08:03 2630112                    /usr/lib/locale/en_US.utf8/LC_IDENTIFICATION
7f5beff95000-7f5beff96000 rw-p 00000000 00:00 0 
7f5beff96000-7f5beff97000 ---p 00000000 00:00 0 
7f5beff97000-7f5beff98000 r--p 00025000 08:03 3670018                    /lib64/ld-2.26.so
7f5beff98000-7f5beff99000 rw-p 00026000 08:03 3670018                    /lib64/ld-2.26.so
7f5beff99000-7f5beff9a000 rw-p 00000000 00:00 0 
7ffe8b3d2000-7ffe8b3f3000 rw-p 00000000 00:00 0                          [stack]
7ffe8b3f3000-7ffe8b3f6000 r--p 00000000 00:00 0                          [vvar]
7ffe8b3f6000-7ffe8b3f8000 r-xp 00000000 00:00 0                          [vdso]
ffffffffff600000-ffffffffff601000 r-xp 00000000 00:00 0                  [vsyscall]

VM Arguments:
jvm_args: -agentlib:jdwp=transport=dt_socket,suspend=y,address=localhost:38461 -ea -javaagent:/VEGA/GIMUS/users/htruong/eclipse/configuration/org.eclipse.osgi/217/0/.cp/lib/javaagent-shaded.jar -Dfile.encoding=UTF-8 
java_command: org.eclipse.jdt.internal.junit.runner.RemoteTestRunner -version 3 -port 35519 -testLoaderClass org.eclipse.jdt.internal.junit4.runner.JUnit4TestLoader -loaderpluginname org.eclipse.jdt.junit4.runtime -test esa.egos.csts.api.procedures.GenericTest:testMultipleAssociation
java_class_path (initial): /VEGA/GIMUS/users/htruong/workspace/CSTSAPI/target/test-classes:/VEGA/GIMUS/users/htruong/workspace/CSTSAPI/target/classes:/home/htruong/.p2/pool/plugins/org.junit_4.13.0.v20200204-1500.jar:/home/htruong/.p2/pool/plugins/org.hamcrest.core_1.3.0.v20180420-1519.jar:/VEGA/GIMUS/users/htruong/workspace/CSTSAPI/src/main/resources/jasn-1.11.2/jasn1-1.11.2.jar:/home/htruong/.m2/sdenexus/com/beanit/jasn1/1.11.2/jasn1-1.11.2.jar:/home/htruong/.m2/sdenexus/junit/junit/4.12/junit-4.12.jar:/home/htruong/.m2/sdenexus/org/hamcrest/hamcrest-core/1.3/hamcrest-core-1.3.jar:/VEGA/GIMUS/users/htruong/eclipse/configuration/org.eclipse.osgi/215/0/.cp:/VEGA/GIMUS/users/htruong/eclipse/configuration/org.eclipse.osgi/214/0/.cp:/VEGA/GIMUS/users/htruong/eclipse/configuration/org.eclipse.osgi/217/0/.cp/lib/javaagent-shaded.jar
Launcher Type: SUN_STANDARD

Environment Variables:
JAVA_HOME=/home/htruong/Programs/java/jdk1.8.0_271
JRE_HOME=/usr/lib64/jvm/java
PATH=/home/htruong/Programs/java/jdk1.8.0_271/bin:/bin:/bin:/usr/local/bin:/usr/bin:/bin:/opt/puppetlabs/bin
SHELL=/bin/bash
DISPLAY=localhost:10.0
HOSTTYPE=x86_64
OSTYPE=linux
MACHTYPE=x86_64-suse-linux

Signal Handlers:
SIGSEGV: [libjvm.so+0xadf3a0], sa_mask[0]=11111111011111111101111111111110, sa_flags=SA_RESTART|SA_SIGINFO
SIGBUS: [libjvm.so+0xadf3a0], sa_mask[0]=11111111011111111101111111111110, sa_flags=SA_RESTART|SA_SIGINFO
SIGFPE: [libjvm.so+0x913c30], sa_mask[0]=11111111011111111101111111111110, sa_flags=SA_RESTART|SA_SIGINFO
SIGPIPE: [libjvm.so+0x913c30], sa_mask[0]=11111111011111111101111111111110, sa_flags=SA_RESTART|SA_SIGINFO
SIGXFSZ: [libjvm.so+0x913c30], sa_mask[0]=11111111011111111101111111111110, sa_flags=SA_RESTART|SA_SIGINFO
SIGILL: [libjvm.so+0x913c30], sa_mask[0]=11111111011111111101111111111110, sa_flags=SA_RESTART|SA_SIGINFO
SIGUSR1: SIG_DFL, sa_mask[0]=00000000000000000000000000000000, sa_flags=none
SIGUSR2: [libjvm.so+0x913b00], sa_mask[0]=00100000000000000000000000000000, sa_flags=SA_RESTART|SA_SIGINFO
SIGHUP: [libjvm.so+0x914120], sa_mask[0]=11111111011111111101111111111110, sa_flags=SA_RESTART|SA_SIGINFO
SIGINT: [libjvm.so+0x914120], sa_mask[0]=11111111011111111101111111111110, sa_flags=SA_RESTART|SA_SIGINFO
SIGTERM: [libjvm.so+0x914120], sa_mask[0]=11111111011111111101111111111110, sa_flags=SA_RESTART|SA_SIGINFO
SIGQUIT: [libjvm.so+0x914120], sa_mask[0]=11111111011111111101111111111110, sa_flags=SA_RESTART|SA_SIGINFO


---------------  S Y S T E M  ---------------

OS:NAME="SLES"
VERSION="15-SP1"
VERSION_ID="15.1"
PRETTY_NAME="SUSE Linux Enterprise Server 15 SP1"
ID="sles"
ID_LIKE="suse"
ANSI_COLOR="0;32"
CPE_NAME="cpe:/o:suse:sles:15:sp1"
BASELINE="SLES15-ESOCL01-Base-i1r1.200922"
BASELINE="SLES15-ESOCL01-EGOS-i1r1.200922"
BASELINE="SLES15-ESOCL01-Docker-i1r1.200922"
BASELINE="SLES15-ESOCL01-Dev-i1r1.200922"
BASELINE="SLES15-ESOCL01-BaseX-i1r1.200922"
BASELINE="SLES15-ESOCL01-Desktop-i1r1.200922"

uname:Linux 4.12.14-197.4-default #1 SMP Fri Jun 14 13:53:45 UTC 2019 (275d260) x86_64
libc:glibc 2.26 NPTL 2.26 
rlimit: STACK 8192k, CORE infinity, NPROC 23721, NOFILE 4096, AS infinity
load average:0.30 0.27 0.21

/proc/meminfo:
MemTotal:        6095552 kB
MemFree:         2034448 kB
MemAvailable:    2972436 kB
Buffers:          246464 kB
Cached:          1126236 kB
SwapCached:            0 kB
Active:          3277144 kB
Inactive:         552520 kB
Active(anon):    2599244 kB
Inactive(anon):   113924 kB
Active(file):     677900 kB
Inactive(file):   438596 kB
Unevictable:         112 kB
Mlocked:             112 kB
SwapTotal:             0 kB
SwapFree:              0 kB
Dirty:                76 kB
Writeback:             0 kB
AnonPages:       2417592 kB
Mapped:           246080 kB
Shmem:            256140 kB
Slab:             103288 kB
SReclaimable:      69460 kB
SUnreclaim:        33828 kB
KernelStack:        7392 kB
PageTables:        29392 kB
NFS_Unstable:          0 kB
Bounce:                0 kB
WritebackTmp:          0 kB
CommitLimit:     3047776 kB
Committed_AS:    3855732 kB
VmallocTotal:   34359738367 kB
VmallocUsed:           0 kB
VmallocChunk:          0 kB
HardwareCorrupted:     0 kB
AnonHugePages:   1923072 kB
ShmemHugePages:        0 kB
ShmemPmdMapped:        0 kB
HugePages_Total:       0
HugePages_Free:        0
HugePages_Rsvd:        0
HugePages_Surp:        0
Hugepagesize:       2048 kB
DirectMap4k:      219072 kB
DirectMap2M:     6072320 kB

container (cgroup) information:
container_type: cgroupv1
cpu_cpuset_cpus: 0-3
cpu_memory_nodes: 0
active_processor_count: 4
cpu_quota: -1
cpu_period: 100000
cpu_shares: -1
memory_limit_in_bytes: -1
memory_and_swap_limit_in_bytes: -2
memory_soft_limit_in_bytes: -1
memory_usage_in_bytes: 3921874944
memory_max_usage_in_bytes: 33595392


CPU:total 4 (initial active 4) (4 cores per cpu, 1 threads per core) family 6 model 26 stepping 4, cmov, cx8, fxsr, mmx, sse, sse2, sse3, ssse3, sse4.1, sse4.2, popcnt, tsc, tscinvbit, tscinv

/proc/cpuinfo:
processor	: 0
vendor_id	: GenuineIntel
cpu family	: 6
model		: 26
model name	: Intel(R) Xeon(R) Gold 6130 CPU @ 2.10GHz
stepping	: 4
microcode	: 0x2006906
cpu MHz		: 2095.078
cache size	: 22528 KB
physical id	: 0
siblings	: 4
core id		: 0
cpu cores	: 4
apicid		: 0
initial apicid	: 0
fpu		: yes
fpu_exception	: yes
cpuid level	: 11
wp		: yes
flags		: fpu vme de pse tsc msr pae mce cx8 apic sep mtrr pge mca cmov pat pse36 clflush dts mmx fxsr sse sse2 ss ht syscall nx rdtscp lm constant_tsc arch_perfmon pebs bts nopl xtopology tsc_reliable nonstop_tsc cpuid pni ssse3 cx16 sse4_1 sse4_2 x2apic popcnt tsc_deadline_timer hypervisor lahf_lm pti ssbd ibrs ibpb stibp tsc_adjust arat flush_l1d arch_capabilities
bugs		: cpu_meltdown spectre_v1 spectre_v2 spec_store_bypass l1tf mds
bogomips	: 4190.15
clflush size	: 64
cache_alignment	: 64
address sizes	: 43 bits physical, 48 bits virtual
power management:

processor	: 1
vendor_id	: GenuineIntel
cpu family	: 6
model		: 26
model name	: Intel(R) Xeon(R) Gold 6130 CPU @ 2.10GHz
stepping	: 4
microcode	: 0x2006906
cpu MHz		: 2095.078
cache size	: 22528 KB
physical id	: 0
siblings	: 4
core id		: 1
cpu cores	: 4
apicid		: 1
initial apicid	: 1
fpu		: yes
fpu_exception	: yes
cpuid level	: 11
wp		: yes
flags		: fpu vme de pse tsc msr pae mce cx8 apic sep mtrr pge mca cmov pat pse36 clflush dts mmx fxsr sse sse2 ss ht syscall nx rdtscp lm constant_tsc arch_perfmon pebs bts nopl xtopology tsc_reliable nonstop_tsc cpuid pni ssse3 cx16 sse4_1 sse4_2 x2apic popcnt tsc_deadline_timer hypervisor lahf_lm pti ssbd ibrs ibpb stibp tsc_adjust arat flush_l1d arch_capabilities
bugs		: cpu_meltdown spectre_v1 spectre_v2 spec_store_bypass l1tf mds
bogomips	: 4190.15
clflush size	: 64
cache_alignment	: 64
address sizes	: 43 bits physical, 48 bits virtual
power management:

processor	: 2
vendor_id	: GenuineIntel
cpu family	: 6
model		: 26
model name	: Intel(R) Xeon(R) Gold 6130 CPU @ 2.10GHz
stepping	: 4
microcode	: 0x2006906
cpu MHz		: 2095.078
cache size	: 22528 KB
physical id	: 0
siblings	: 4
core id		: 2
cpu cores	: 4
apicid		: 2
initial apicid	: 2
fpu		: yes
fpu_exception	: yes
cpuid level	: 11
wp		: yes
flags		: fpu vme de pse tsc msr pae mce cx8 apic sep mtrr pge mca cmov pat pse36 clflush dts mmx fxsr sse sse2 ss ht syscall nx rdtscp lm constant_tsc arch_perfmon pebs bts nopl xtopology tsc_reliable nonstop_tsc cpuid pni ssse3 cx16 sse4_1 sse4_2 x2apic popcnt tsc_deadline_timer hypervisor lahf_lm pti ssbd ibrs ibpb stibp tsc_adjust arat flush_l1d arch_capabilities
bugs		: cpu_meltdown spectre_v1 spectre_v2 spec_store_bypass l1tf mds
bogomips	: 4190.15
clflush size	: 64
cache_alignment	: 64
address sizes	: 43 bits physical, 48 bits virtual
power management:

processor	: 3
vendor_id	: GenuineIntel
cpu family	: 6
model		: 26
model name	: Intel(R) Xeon(R) Gold 6130 CPU @ 2.10GHz
stepping	: 4
microcode	: 0x2006906
cpu MHz		: 2095.078
cache size	: 22528 KB
physical id	: 0
siblings	: 4
core id		: 3
cpu cores	: 4
apicid		: 3
initial apicid	: 3
fpu		: yes
fpu_exception	: yes
cpuid level	: 11
wp		: yes
flags		: fpu vme de pse tsc msr pae mce cx8 apic sep mtrr pge mca cmov pat pse36 clflush dts mmx fxsr sse sse2 ss ht syscall nx rdtscp lm constant_tsc arch_perfmon pebs bts nopl xtopology tsc_reliable nonstop_tsc cpuid pni ssse3 cx16 sse4_1 sse4_2 x2apic popcnt tsc_deadline_timer hypervisor lahf_lm pti ssbd ibrs ibpb stibp tsc_adjust arat flush_l1d arch_capabilities
bugs		: cpu_meltdown spectre_v1 spectre_v2 spec_store_bypass l1tf mds
bogomips	: 4190.15
clflush size	: 64
cache_alignment	: 64
address sizes	: 43 bits physical, 48 bits virtual
power management:



Memory: 4k page, physical 6095552k(2034448k free), swap 0k(0k free)

vm_info: Java HotSpot(TM) 64-Bit Server VM (25.271-b09) for linux-amd64 JRE (1.8.0_271-b09), built on Sep 16 2020 17:01:41 by "java_re" with gcc 7.3.0

time: Thu Oct  7 09:02:54 2021
timezone: UTC
elapsed time: 807.410813 seconds (0d 0h 13m 27s)

